      0.005000        5.999240       19.597500      460.894012      192.063522
      0.015000        5.999240       19.597500      460.894012      192.063522
      0.025000        5.999240       19.597500      460.894012      192.063522
      0.035000        5.999240       19.597500      460.894012      192.063522
      0.045000        5.999240       19.597500      460.894012      192.063522
      0.055000        5.999240       19.597500      460.894012      192.063522
      0.065000        5.999240       19.597500      460.894012      192.063522
      0.075000        5.999240       19.597500      460.894012      192.063522
      0.085000        5.999240       19.597500      460.894012      192.063522
      0.095000        5.999240       19.597500      460.894012      192.063522
      0.105000        5.999240       19.597500      460.894012      192.063522
      0.115000        5.999240       19.597500      460.894012      192.063522
      0.125000        5.999240       19.597500      460.894012      192.063522
      0.135000        5.999240       19.597500      460.894012      192.063522
      0.145000        5.999240       19.597500      460.894012      192.063522
      0.155000        5.999240       19.597500      460.894012      192.063522
      0.165000        5.999240       19.597500      460.894012      192.063522
      0.175000        5.999240       19.597500      460.894012      192.063522
      0.185000        5.999240       19.597500      460.894012      192.063522
      0.195000        5.999240       19.597500      460.894012      192.063522
      0.205000        5.999240       19.597500      460.894012      192.063522
      0.215000        5.999240       19.597500      460.894012      192.063522
      0.225000        5.999240       19.597500      460.894012      192.063522
      0.235000        5.999240       19.597500      460.894012      192.063522
      0.245000        5.999240       19.597500      460.894012      192.063522
      0.255000        5.999240       19.597500      460.894012      192.063522
      0.265000        5.999240       19.597500      460.894012      192.063522
      0.275000        5.999240       19.597500      460.894012      192.063522
      0.285000        5.999240       19.597500      460.894012      192.063522
      0.295000        5.999240       19.597500      460.894012      192.063522
      0.305000        5.999240       19.597500      460.894012      192.063522
      0.315000        5.999240       19.597500      460.894012      192.063522
      0.325000        5.999240       19.597500      460.894012      192.063522
      0.335000        5.999240       19.597500      460.894012      192.063522
      0.345000        5.999240       19.597500      460.894012      192.063522
      0.355000        5.999240       19.597500      460.894012      192.063522
      0.365000        5.999240       19.597500      460.894012      192.063522
      0.375000        5.999240       19.597500      460.894012      192.063522
      0.385000        5.999240       19.597500      460.894012      192.063522
      0.395000        5.999240       19.597500      460.894012      192.063522
      0.405000        5.999240       19.597500      460.894012      192.063522
      0.415000        5.999240       19.597500      460.894012      192.063522
      0.425000        5.999240       19.597500      460.894012      192.063522
      0.435000        5.999240       19.597500      460.894012      192.063522
      0.445000        5.999240       19.597500      460.894012      192.063522
      0.455000        5.999240       19.597500      460.894012      192.063522
      0.465000        5.999240       19.597500      460.894012      192.063522
      0.475000        5.999240       19.597500      460.894012      192.063522
      0.485000        5.999240       19.597500      460.894012      192.063522
      0.495000        5.999240       19.597500      460.894012      192.063522
      0.505000        5.999240       19.597500      460.894012      192.063522
      0.515000        5.999240       19.597500      460.894012      192.063522
      0.525000        5.999240       19.597500      460.894012      192.063522
      0.535000        5.999240       19.597500      460.894012      192.063522
      0.545000        5.999240       19.597500      460.894012      192.063522
      0.555000        5.999240       19.597500      460.894012      192.063522
      0.565000        5.999240       19.597500      460.894012      192.063522
      0.575000        5.999240       19.597500      460.894012      192.063522
      0.585000        5.999240       19.597500      460.894012      192.063522
      0.595000        5.999240       19.597500      460.894012      192.063522
      0.605000        5.999240       19.597500      460.894012      192.063522
      0.615000        5.999240       19.597500      460.894012      192.063522
      0.625000        5.999240       19.597500      460.894012      192.063522
      0.635000        5.999240       19.597500      460.894012      192.063522
      0.645000        5.999240       19.597500      460.894012      192.063522
      0.655000        5.999240       19.597500      460.894012      192.063522
      0.665000        5.999240       19.597500      460.894012      192.063522
      0.675000        5.999240       19.597500      460.894012      192.063522
      0.685000        5.999240       19.597500      460.894012      192.063522
      0.695000        5.999240       19.597500      460.894012      192.063522
      0.705000        5.999240       19.597500      460.894012      192.063522
      0.715000        5.999240       19.597500      460.894012      192.063522
      0.725000        5.999240       19.597500      460.894012      192.063522
      0.735000        5.999240       19.597500      460.894012      192.063522
      0.745000        5.999240       19.597500      460.894012      192.063522
      0.755000        5.999240       19.597500      460.894012      192.063522
      0.765000        5.999240       19.597500      460.894012      192.063522
      0.775000        5.999240       19.597500      460.894012      192.063522
      0.785000        5.999240       19.597500      460.894012      192.063522
      0.795000        5.999240       19.597500      460.894012      192.063522
      0.805000        5.992420       -6.196330       46.095001       19.230545
      0.815000        5.992420       -6.196330       46.095001       19.230545
      0.825000        5.992420       -6.196330       46.095001       19.230545
      0.835000        5.992420       -6.196330       46.095001       19.230545
      0.845000        5.992420       -6.196330       46.095001       19.230545
      0.855000        5.992420       -6.196330       46.095001       19.230545
      0.865000        5.992420       -6.196330       46.095001       19.230545
      0.875000        5.992420       -6.196330       46.095001       19.230545
      0.885000        5.992420       -6.196330       46.095001       19.230545
      0.895000        5.992420       -6.196330       46.095001       19.230545
      0.905000        5.992420       -6.196330       46.095001       19.230545
      0.915000        5.992420       -6.196330       46.095001       19.230545
      0.925000        5.992420       -6.196330       46.095001       19.230545
      0.935000        5.992420       -6.196330       46.095001       19.230545
      0.945000        5.992420       -6.196330       46.095001       19.230545
      0.955000        5.992420       -6.196330       46.095001       19.230545
      0.965000        5.992420       -6.196330       46.095001       19.230545
      0.975000        5.992420       -6.196330       46.095001       19.230545
      0.985000        5.992420       -6.196330       46.095001       19.230545
      0.995000        5.992420       -6.196330       46.095001       19.230545
