      0.005000        1.000000        0.000000        0.010000        0.025000
      0.015000        1.000000        0.000000        0.010000        0.025000
      0.025000        1.000000        0.000000        0.010000        0.025000
      0.035000        1.000000        0.000000        0.010000        0.025000
      0.045000        1.000000        0.000000        0.010000        0.025000
      0.055000        1.000000        0.000000        0.010000        0.025000
      0.065000        1.000000        0.000000        0.010000        0.025000
      0.075000        1.000000        0.000000        0.010000        0.025000
      0.085000        1.000000        0.000000        0.010000        0.025000
      0.095000        1.000000        0.000000        0.010000        0.025000
      0.105000        1.000000        0.000000        0.010000        0.025000
      0.115000        1.000000        0.000000        0.010000        0.025000
      0.125000        1.000000        0.000000        0.010000        0.025000
      0.135000        1.000000        0.000000        0.010000        0.025000
      0.145000        1.000000        0.000000        0.010000        0.025000
      0.155000        1.000000        0.000000        0.010000        0.025000
      0.165000        1.000000        0.000000        0.010000        0.025000
      0.175000        1.000000        0.000000        0.010000        0.025000
      0.185000        1.000000        0.000000        0.010000        0.025000
      0.195000        1.000000        0.000000        0.010000        0.025000
      0.205000        1.000000        0.000000        0.010000        0.025000
      0.215000        1.000000        0.000000        0.010000        0.025000
      0.225000        1.000000        0.000000        0.010000        0.025000
      0.235000        1.000000        0.000000        0.010000        0.025000
      0.245000        1.000000        0.000000        0.010000        0.025000
      0.255000        1.000000        0.000000        0.010000        0.025000
      0.265000        1.000000        0.000000        0.010000        0.025000
      0.275000        1.000000        0.000000        0.010000        0.025000
      0.285000             NaN       -6.196328        Infinity             NaN
      0.295000             NaN       -6.196328        Infinity             NaN
      0.305000             NaN       -6.196328        Infinity             NaN
      0.315000             NaN       -6.196328        Infinity             NaN
      0.325000             NaN       -6.196328        Infinity             NaN
      0.335000             NaN       -6.196328        Infinity             NaN
      0.345000             NaN       -6.196328        Infinity             NaN
      0.355000             NaN       -6.196328        Infinity             NaN
      0.365000             NaN       -6.196328        Infinity             NaN
      0.375000             NaN       -6.196328        Infinity             NaN
      0.385000             NaN       -6.196328        Infinity             NaN
      0.395000             NaN       -6.196328        Infinity             NaN
      0.405000             NaN       -6.196328        Infinity             NaN
      0.415000             NaN       -6.196328        Infinity             NaN
      0.425000             NaN       -6.196328        Infinity             NaN
      0.435000             NaN       -6.196328        Infinity             NaN
      0.445000             NaN       -6.196328        Infinity             NaN
      0.455000             NaN       -6.196328        Infinity             NaN
      0.465000             NaN       -6.196328        Infinity             NaN
      0.475000             NaN       -6.196328        Infinity             NaN
      0.485000             NaN       -6.196328        Infinity             NaN
      0.495000             NaN       -6.196328        Infinity             NaN
      0.505000             NaN       -6.196328        Infinity             NaN
      0.515000             NaN       -6.196328        Infinity             NaN
      0.525000             NaN       -6.196328        Infinity             NaN
      0.535000             NaN       -6.196328        Infinity             NaN
      0.545000             NaN       -6.196328        Infinity             NaN
      0.555000             NaN       -6.196328        Infinity             NaN
      0.565000             NaN       -6.196328        Infinity             NaN
      0.575000             NaN       -6.196328        Infinity             NaN
      0.585000             NaN       -6.196328        Infinity             NaN
      0.595000             NaN       -6.196328        Infinity             NaN
      0.605000             NaN       -6.196328        Infinity             NaN
      0.615000             NaN       -6.196328        Infinity             NaN
      0.625000             NaN       -6.196328        Infinity             NaN
      0.635000             NaN       -6.196328        Infinity             NaN
      0.645000             NaN       -6.196328        Infinity             NaN
      0.655000             NaN       -6.196328        Infinity             NaN
      0.665000             NaN       -6.196328        Infinity             NaN
      0.675000             NaN       -6.196328        Infinity             NaN
      0.685000             NaN       -6.196328        Infinity             NaN
      0.695000             NaN       -6.196328        Infinity             NaN
      0.705000             NaN       -6.196328        Infinity             NaN
      0.715000             NaN       -6.196328        Infinity             NaN
      0.725000             NaN       -6.196328        Infinity             NaN
      0.735000             NaN       -6.196328        Infinity             NaN
      0.745000             NaN       -6.196328        Infinity             NaN
      0.755000             NaN       -6.196328        Infinity             NaN
      0.765000             NaN       -6.196328        Infinity             NaN
      0.775000             NaN       -6.196328        Infinity             NaN
      0.785000             NaN       -6.196328        Infinity             NaN
      0.795000             NaN       -6.196328        Infinity             NaN
      0.805000             NaN       -6.196328        Infinity             NaN
      0.815000             NaN       -6.196328        Infinity             NaN
      0.825000             NaN       -6.196328        Infinity             NaN
      0.835000             NaN       -6.196328        Infinity             NaN
      0.845000             NaN       -6.196328        Infinity             NaN
      0.855000             NaN       -6.196328        Infinity             NaN
      0.865000             NaN       -6.196328        Infinity             NaN
      0.875000             NaN       -6.196328        Infinity             NaN
      0.885000             NaN       -6.196328        Infinity             NaN
      0.895000             NaN       -6.196328        Infinity             NaN
      0.905000             NaN       -6.196328        Infinity             NaN
      0.915000             NaN       -6.196328        Infinity             NaN
      0.925000             NaN       -6.196328        Infinity             NaN
      0.935000             NaN       -6.196328        Infinity             NaN
      0.945000             NaN       -6.196328        Infinity             NaN
      0.955000             NaN       -6.196328        Infinity             NaN
      0.965000             NaN       -6.196328        Infinity             NaN
      0.975000             NaN       -6.196328        Infinity             NaN
      0.985000             NaN       -6.196328        Infinity             NaN
      0.995000             NaN       -6.196328        Infinity             NaN
