      0.005000        1.000000       -2.000000        0.400000        1.000000
      0.015000        1.000000       -2.000000        0.400000        1.000000
      0.025000        1.000000       -2.000000        0.400000        1.000000
      0.035000        1.000000       -2.000000        0.400000        1.000000
      0.045000        1.000000       -2.000000        0.400000        1.000000
      0.055000        1.000000       -2.000000        0.400000        1.000000
      0.065000        1.000000       -2.000000        0.400000        1.000000
      0.075000        1.000000       -2.000000        0.400000        1.000000
      0.085000        1.000000       -2.000000        0.400000        1.000000
      0.095000        0.947325       -1.959724        0.370816        0.978587
      0.105000        0.878333       -1.904168        0.333567        0.949432
      0.115000        0.813421       -1.848613        0.299572        0.920717
      0.125000        0.752405       -1.793057        0.268591        0.892443
      0.135000        0.695106       -1.737502        0.240398        0.864610
      0.145000        0.641353       -1.681946        0.214781        0.837219
      0.155000        0.590978       -1.626390        0.191540        0.810268
      0.165000        0.543819       -1.570835        0.170489        0.783758
      0.175000        0.499720       -1.515279        0.151453        0.757688
      0.185000        0.458529       -1.459724        0.134268        0.732060
      0.195000        0.420100       -1.404168        0.118783        0.706873
      0.205000        0.384293       -1.348613        0.104854        0.682126
      0.215000        0.350969       -1.293057        0.092350        0.657821
      0.225000        0.319999       -1.237502        0.081146        0.633956
      0.235000        0.291254       -1.181946        0.071128        0.610533
      0.245000        0.264613       -1.126390        0.062189        0.587550
      0.255000        0.239959       -1.070835        0.054231        0.565008
      0.265000        0.217177       -1.015279        0.047163        0.542907
      0.275000        0.196159       -0.959724        0.040899        0.521247
      0.285000        0.176801       -0.904168        0.035362        0.500028
      0.295000        0.159003       -0.848613        0.030481        0.479250
      0.305000        0.142668       -0.793057        0.026189        0.458913
      0.315000        0.127703       -0.737502        0.022426        0.439016
      0.325000        0.114022       -0.681946        0.019136        0.419561
      0.335000        0.101539       -0.626391        0.016268        0.400547
      0.345000        0.090174       -0.570835        0.013778        0.381973
      0.355000        0.079850       -0.515279        0.011621        0.363840
      0.365000        0.070495       -0.459724        0.009761        0.346149
      0.375000        0.062037       -0.404168        0.008162        0.328898
      0.385000        0.054412       -0.348613        0.006792        0.312088
      0.395000        0.047555       -0.293057        0.005625        0.295719
      0.405000        0.041408       -0.237502        0.004634        0.279791
      0.415000        0.035913       -0.181946        0.003797        0.264304
      0.425000        0.031018       -0.126391        0.003093        0.249257
      0.435000        0.026672       -0.070835        0.002503        0.234652
      0.445000        0.022828       -0.015279        0.002013        0.220488
      0.455000        0.021852        0.000000        0.001894        0.216669
      0.465000        0.021852        0.000000        0.001894        0.216669
      0.475000        0.021852        0.000000        0.001894        0.216669
      0.485000        0.021852        0.000000        0.001894        0.216669
      0.495000        0.021852        0.000000        0.001894        0.216669
      0.505000        0.021852        0.000000        0.001894        0.216669
      0.515000        0.021852        0.000000        0.001894        0.216669
      0.525000        0.021852        0.000000        0.001894        0.216669
      0.535000        0.021852        0.000000        0.001894        0.216669
      0.545000        0.021852        0.000000        0.001894        0.216669
      0.555000        0.022828        0.015279        0.002013        0.220488
      0.565000        0.026672        0.070835        0.002503        0.234652
      0.575000        0.031018        0.126390        0.003093        0.249257
      0.585000        0.035913        0.181946        0.003797        0.264304
      0.595000        0.041408        0.237501        0.004634        0.279791
      0.605000        0.047555        0.293057        0.005625        0.295719
      0.615000        0.054412        0.348613        0.006792        0.312088
      0.625000        0.062037        0.404168        0.008162        0.328898
      0.635000        0.070495        0.459724        0.009761        0.346148
      0.645000        0.079850        0.515279        0.011621        0.363840
      0.655000        0.090174        0.570835        0.013778        0.381973
      0.665000        0.101539        0.626390        0.016268        0.400546
      0.675000        0.114022        0.681946        0.019136        0.419561
      0.685000        0.127703        0.737502        0.022426        0.439016
      0.695000        0.142668        0.793057        0.026189        0.458913
      0.705000        0.159003        0.848613        0.030481        0.479250
      0.715000        0.176801        0.904168        0.035362        0.500028
      0.725000        0.196159        0.959724        0.040899        0.521247
      0.735000        0.217177        1.015279        0.047163        0.542907
      0.745000        0.239959        1.070835        0.054231        0.565008
      0.755000        0.264613        1.126390        0.062189        0.587550
      0.765000        0.291254        1.181946        0.071128        0.610533
      0.775000        0.319999        1.237501        0.081146        0.633956
      0.785000        0.350969        1.293057        0.092350        0.657821
      0.795000        0.384293        1.348612        0.104854        0.682126
      0.805000        0.420100        1.404168        0.118783        0.706873
      0.815000        0.458529        1.459724        0.134268        0.732060
      0.825000        0.499720        1.515279        0.151453        0.757688
      0.835000        0.543819        1.570835        0.170489        0.783758
      0.845000        0.590977        1.626390        0.191540        0.810267
      0.855000        0.641353        1.681946        0.214781        0.837219
      0.865000        0.695106        1.737502        0.240398        0.864610
      0.875000        0.752405        1.793057        0.268591        0.892443
      0.885000        0.813421        1.848613        0.299572        0.920717
      0.895000        0.878333        1.904168        0.333567        0.949432
      0.905000        0.947325        1.959724        0.370816        0.978587
      0.915000        1.000000        2.000000        0.400000        1.000000
      0.925000        1.000000        2.000000        0.400000        1.000000
      0.935000        1.000000        2.000000        0.400000        1.000000
      0.945000        1.000000        2.000000        0.400000        1.000000
      0.955000        1.000000        2.000000        0.400000        1.000000
      0.965000        1.000000        2.000000        0.400000        1.000000
      0.975000        1.000000        2.000000        0.400000        1.000000
      0.985000        1.000000        2.000000        0.400000        1.000000
      0.995000        1.000000        2.000000        0.400000        1.000000
