      0.005000        1.000000        0.000000        0.010000        0.025000
      0.015000        1.000000        0.000000        0.010000        0.025000
      0.025000        1.000000        0.000000        0.010000        0.025000
      0.035000        1.000000        0.000000        0.010000        0.025000
      0.045000        1.000000        0.000000        0.010000        0.025000
      0.055000        1.000000        0.000000        0.010000        0.025000
      0.065000        1.000000        0.000000        0.010000        0.025000
      0.075000        1.000000        0.000000        0.010000        0.025000
      0.085000        1.000000        0.000000        0.010000        0.025000
      0.095000        1.000000        0.000000        0.010000        0.025000
      0.105000        1.000000        0.000000        0.010000        0.025000
      0.115000        1.000000        0.000000        0.010000        0.025000
      0.125000        1.000000        0.000000        0.010000        0.025000
      0.135000        1.000000        0.000000        0.010000        0.025000
      0.145000        5.992417       -6.196328       46.095039       19.230572
      0.155000        5.992417       -6.196328       46.095039       19.230572
      0.165000        5.992417       -6.196328       46.095039       19.230572
      0.175000        5.992417       -6.196328       46.095039       19.230572
      0.185000        0.575113       -6.196328       46.095039      200.373932
      0.195000        0.575113       -6.196328       46.095039      200.373932
      0.205000        0.575113       -6.196328       46.095039      200.373932
      0.215000        0.575113       -6.196328       46.095039      200.373932
      0.225000        0.575113       -6.196328       46.095039      200.373932
      0.235000        0.575113       -6.196328       46.095039      200.373932
      0.245000        0.575113       -6.196328       46.095039      200.373932
      0.255000        0.575113       -6.196328       46.095039      200.373932
      0.265000        0.575113       -6.196328       46.095039      200.373932
      0.275000        0.575113       -6.196328       46.095039      200.373932
      0.285000        0.575113       -6.196328       46.095039      200.373932
      0.295000        0.575113       -6.196328       46.095039      200.373932
      0.305000        0.575113       -6.196328       46.095039      200.373932
      0.315000        0.575113       -6.196328       46.095039      200.373932
      0.325000        0.575113       -6.196328       46.095039      200.373932
      0.335000        0.575113       -6.196328       46.095039      200.373932
      0.345000        0.575113       -6.196328       46.095039      200.373932
      0.355000        0.575113       -6.196328       46.095039      200.373932
      0.365000        0.575113       -6.196328       46.095039      200.373932
      0.375000        0.575113       -6.196328       46.095039      200.373932
      0.385000        0.575113       -6.196328       46.095039      200.373932
      0.395000        0.575113       -6.196328       46.095039      200.373932
      0.405000        0.575113       -6.196328       46.095039      200.373932
      0.415000        0.575113       -6.196328       46.095039      200.373932
      0.425000        0.575113       -6.196328       46.095039      200.373932
      0.435000        0.575113       -6.196328       46.095039      200.373932
      0.445000        0.575113       -6.196328       46.095039      200.373932
      0.455000        0.575113       -6.196328       46.095039      200.373932
      0.465000        0.575113       -6.196328       46.095039      200.373932
      0.475000        0.575113       -6.196328       46.095039      200.373932
      0.485000        0.575113       -6.196328       46.095039      200.373932
      0.495000        0.575113       -6.196328       46.095039      200.373932
      0.505000        0.575113       -6.196328       46.095039      200.373932
      0.515000        0.575113       -6.196328       46.095039      200.373932
      0.525000        0.575113       -6.196328       46.095039      200.373932
      0.535000        0.575113       -6.196328       46.095039      200.373932
      0.545000        0.575113       -6.196328       46.095039      200.373932
      0.555000        0.576562       -6.169657       46.257767      200.575790
      0.565000        0.589632       -5.931562       47.732422      202.382278
      0.575000        0.602938       -5.693467       49.247169      204.196823
      0.585000        0.616482       -5.455372       50.802933      206.019470
      0.595000        0.630269       -5.217277       52.400654      207.850235
      0.605000        0.644302       -4.979182       54.041237      209.689102
      0.615000        0.658584       -4.741086       55.725693      211.536072
      0.625000        0.673117       -4.502991       57.454906      213.391144
      0.635000        0.687907       -4.264895       59.229965      215.254333
      0.645000        0.702954       -4.026801       61.051739      217.125549
      0.655000        0.718265       -3.788706       62.921417      219.004929
      0.665000        0.733840       -3.550611       64.839867      220.892334
      0.675000        0.749685       -3.312514       66.808304      222.787888
      0.685000        0.765803       -3.074419       68.827744      224.691574
      0.695000        0.782196       -2.836324       70.899239      226.603271
      0.705000        0.798869       -2.598229       73.024025      228.523178
      0.715000        0.815825       -2.360134       75.203087      230.451126
      0.725000        0.833068       -2.122039       77.437675      232.387161
      0.735000        0.850600       -1.883944       79.728905      234.331253
      0.745000        0.868428       -1.645848       82.078079      236.283569
      0.755000        0.886552       -1.407753       84.486214      238.243866
      0.765000        0.904978       -1.169658       86.954781      240.212341
      0.775000        0.923709       -0.931563       89.484825      242.188843
      0.785000        0.942749       -0.693467       92.077713      244.173462
      0.795000        0.962102       -0.455372       94.734779      246.166199
      0.805000        0.981771       -0.217276       97.457245      248.167007
      0.815000        1.000000        0.000000      100.000000      250.000015
      0.825000        1.000000        0.000000      100.000000      250.000015
      0.835000        1.000000        0.000000      100.000000      250.000015
      0.845000        1.000000        0.000000      100.000000      250.000015
      0.855000        1.000000        0.000000      100.000000      250.000015
      0.865000        1.000000        0.000000      100.000000      250.000015
      0.875000        1.000000        0.000000      100.000000      250.000015
      0.885000        1.000000        0.000000      100.000000      250.000015
      0.895000        1.000000        0.000000      100.000000      250.000015
      0.905000        1.000000        0.000000      100.000000      250.000015
      0.915000        1.000000        0.000000      100.000000      250.000015
      0.925000        1.000000        0.000000      100.000000      250.000015
      0.935000        1.000000        0.000000      100.000000      250.000015
      0.945000        1.000000        0.000000      100.000000      250.000015
      0.955000        1.000000        0.000000      100.000000      250.000015
      0.965000        1.000000        0.000000      100.000000      250.000015
      0.975000        1.000000        0.000000      100.000000      250.000015
      0.985000        1.000000        0.000000      100.000000      250.000015
      0.995000        1.000000        0.000000      100.000000      250.000015
