      0.005000        1.000000        0.000000     1000.000000     2500.000244
      0.015000        1.000000        0.000000     1000.000000     2500.000244
      0.025000        1.000000        0.000000     1000.000000     2500.000244
      0.035000        1.000000        0.000000     1000.000000     2500.000244
      0.045000        1.000000        0.000000     1000.000000     2500.000244
      0.055000        0.992600        0.277700      989.655396     2492.583740
      0.065000        0.974287        0.972144      964.187439     2474.085693
      0.075000        0.956245        1.666587      939.283325     2455.656738
      0.085000        0.938471        2.361034      914.932983     2437.296875
      0.095000        0.920963        3.055477      891.126099     2419.005859
      0.105000        0.903717        3.749920      867.851440     2400.783447
      0.115000        0.886730        4.444367      845.099426     2382.629639
      0.125000        0.870000        5.138810      822.861694     2364.545654
      0.135000        0.853523        5.833254      801.127075     2346.530029
      0.145000        0.837297        6.527699      779.886719     2328.584229
      0.155000        0.821318        7.222144      759.129578     2310.705322
      0.165000        0.805584        7.916587      738.848755     2292.896729
      0.175000        0.790093        8.611033      719.033813     2275.156494
      0.185000        0.774841        9.305477      699.676758     2257.485840
      0.195000        0.759825        9.999920      680.767822     2239.883789
      0.205000        0.745043       10.694366      662.298279     2222.350342
      0.215000        0.730492       11.388808      644.260193     2204.885742
      0.225000        0.716168       12.083255      626.644531     2187.489990
      0.235000        0.702071       12.777700      609.443726     2170.163818
      0.245000        0.688197       13.472143      592.648865     2152.905762
      0.255000        0.674542       14.166589      576.252258     2135.716797
      0.265000        0.661106       14.861032      560.246887     2118.597412
      0.275000        0.647884       15.555477      544.623291     2101.546143
      0.285000        0.634875       16.249922      529.374634     2084.563965
      0.295000        0.622075       16.944365      514.493652     2067.650635
      0.305000        0.609483       17.638809      499.972443     2050.806152
      0.315000        0.597095       18.333254      485.804169     2034.030762
      0.325000        0.584910       19.027699      471.981689     2017.324585
      0.335000        0.575062       19.597450      460.893829     2003.669067
      0.345000        0.575062       19.597450      460.893829     2003.669067
      0.355000        0.575062       19.597450      460.893829     2003.669067
      0.365000        0.575062       19.597450      460.893829     2003.669067
      0.375000        0.575062       19.597450      460.893829     2003.669067
      0.385000        0.575062       19.597450      460.893829     2003.669067
      0.395000        0.575062       19.597450      460.893829     2003.669067
      0.405000        0.575062       19.597450      460.893829     2003.669067
      0.415000        0.575062       19.597450      460.893829     2003.669067
      0.425000        0.575062       19.597450      460.893829     2003.669067
      0.435000        0.575062       19.597450      460.893829     2003.669067
      0.445000        0.575062       19.597450      460.893829     2003.669067
      0.455000        0.575062       19.597450      460.893829     2003.669067
      0.465000        0.575062       19.597450      460.893829     2003.669067
      0.475000        0.575062       19.597450      460.893829     2003.669067
      0.485000        0.575062       19.597450      460.893829     2003.669067
      0.495000        0.575062       19.597450      460.893829     2003.669067
      0.505000        0.575062       19.597450      460.893829     2003.669067
      0.515000        0.575062       19.597450      460.893829     2003.669067
      0.525000        0.575062       19.597450      460.893829     2003.669067
      0.535000        0.575062       19.597450      460.893829     2003.669067
      0.545000        0.575062       19.597450      460.893829     2003.669067
      0.555000        0.575062       19.597450      460.893829     2003.669067
      0.565000        0.575062       19.597450      460.893829     2003.669067
      0.575000        0.575062       19.597450      460.893829     2003.669067
      0.585000        0.575062       19.597450      460.893829     2003.669067
      0.595000        0.575062       19.597450      460.893829     2003.669067
      0.605000        0.575062       19.597450      460.893829     2003.669067
      0.615000        0.575062       19.597450      460.893829     2003.669067
      0.625000        0.575062       19.597450      460.893829     2003.669067
      0.635000        0.575062       19.597450      460.893829     2003.669067
      0.645000        0.575062       19.597450      460.893829     2003.669067
      0.655000        0.575062       19.597450      460.893829     2003.669067
      0.665000        0.575062       19.597450      460.893829     2003.669067
      0.675000        0.575062       19.597450      460.893829     2003.669067
      0.685000        0.575062       19.597450      460.893829     2003.669067
      0.695000        0.575062       19.597450      460.893829     2003.669067
      0.705000        0.575062       19.597450      460.893829     2003.669067
      0.715000        0.575062       19.597450      460.893829     2003.669067
      0.725000        0.575062       19.597450      460.893829     2003.669067
      0.735000        0.575062       19.597450      460.893829     2003.669067
      0.745000        5.999241       19.597450      460.893829      192.063400
      0.755000        5.999241       19.597450      460.893829      192.063400
      0.765000        5.999241       19.597450      460.893829      192.063400
      0.775000        5.999241       19.597450      460.893829      192.063400
      0.785000        1.000000        0.000000        0.010000        0.025000
      0.795000        1.000000        0.000000        0.010000        0.025000
      0.805000        1.000000        0.000000        0.010000        0.025000
      0.815000        1.000000        0.000000        0.010000        0.025000
      0.825000        1.000000        0.000000        0.010000        0.025000
      0.835000        1.000000        0.000000        0.010000        0.025000
      0.845000        1.000000        0.000000        0.010000        0.025000
      0.855000        1.000000        0.000000        0.010000        0.025000
      0.865000        1.000000        0.000000        0.010000        0.025000
      0.875000        1.000000        0.000000        0.010000        0.025000
      0.885000        1.000000        0.000000        0.010000        0.025000
      0.895000        1.000000        0.000000        0.010000        0.025000
      0.905000        1.000000        0.000000        0.010000        0.025000
      0.915000        1.000000        0.000000        0.010000        0.025000
      0.925000        1.000000        0.000000        0.010000        0.025000
      0.935000        1.000000        0.000000        0.010000        0.025000
      0.945000        1.000000        0.000000        0.010000        0.025000
      0.955000        1.000000        0.000000        0.010000        0.025000
      0.965000        1.000000        0.000000        0.010000        0.025000
      0.975000        1.000000        0.000000        0.010000        0.025000
      0.985000        1.000000        0.000000        0.010000        0.025000
      0.995000        1.000000        0.000000        0.010000        0.025000
