      0.005000        1.000000        0.000000        1.000000        2.500000
      0.015000        1.000000        0.000000        1.000000        2.500000
      0.025000        1.000000        0.000000        1.000000        2.500000
      0.035000        1.000000        0.000000        1.000000        2.500000
      0.045000        1.000000        0.000000        1.000000        2.500000
      0.055000        1.000000        0.000000        1.000000        2.500000
      0.065000        1.000000        0.000000        1.000000        2.500000
      0.075000        1.000000        0.000000        1.000000        2.500000
      0.085000        1.000000        0.000000        1.000000        2.500000
      0.095000        1.000000        0.000000        1.000000        2.500000
      0.105000        1.000000        0.000000        1.000000        2.500000
      0.115000        1.000000        0.000000        1.000000        2.500000
      0.125000        1.000000        0.000000        1.000000        2.500000
      0.135000        1.000000        0.000000        1.000000        2.500000
      0.145000        1.000000        0.000000        1.000000        2.500000
      0.155000        1.000000        0.000000        1.000000        2.500000
      0.165000        1.000000        0.000000        1.000000        2.500000
      0.175000        1.000000        0.000000        1.000000        2.500000
      0.185000        1.000000        0.000000        1.000000        2.500000
      0.195000        1.000000        0.000000        1.000000        2.500000
      0.205000        0.997737        0.002680        0.996833        2.497736
      0.215000        0.969932        0.036013        0.958159        2.469656
      0.225000        0.942750        0.069347        0.920778        2.441735
      0.235000        0.916180        0.102680        0.884653        2.413973
      0.245000        0.890213        0.136013        0.849751        2.386369
      0.255000        0.864838        0.169347        0.816035        2.358924
      0.265000        0.840046        0.202680        0.783473        2.331639
      0.275000        0.815825        0.236013        0.752031        2.304511
      0.285000        0.792166        0.269347        0.721676        2.277543
      0.295000        0.769059        0.302680        0.692378        2.250732
      0.305000        0.746495        0.336013        0.664106        2.224082
      0.315000        0.724463        0.369347        0.636829        2.197589
      0.325000        0.702955        0.402680        0.610518        2.171256
      0.335000        0.681960        0.436013        0.585144        2.145081
      0.345000        0.661470        0.469347        0.560679        2.119064
      0.355000        0.641476        0.502680        0.537097        2.093207
      0.365000        0.621968        0.536013        0.514370        2.067508
      0.375000        0.602938        0.569347        0.492472        2.041968
      0.385000        0.584376        0.602680        0.471378        2.016587
      0.395000        0.566274        0.636013        0.451063        1.991364
      0.405000        0.548624        0.669347        0.431504        1.966301
      0.415000        0.531416        0.702680        0.412676        1.941396
      0.425000        0.514644        0.736013        0.394557        1.916649
      0.435000        0.498297        0.769347        0.377123        1.892062
      0.445000        0.482368        0.802680        0.360355        1.867633
      0.455000        0.466849        0.836013        0.344229        1.843363
      0.465000        0.451733        0.869347        0.328726        1.819251
      0.475000        0.437010        0.902680        0.313825        1.795298
      0.485000        0.426319        0.927453        0.303130        1.777600
      0.495000        0.426319        0.927453        0.303130        1.777600
      0.505000        0.426319        0.927453        0.303130        1.777600
      0.515000        0.426319        0.927453        0.303130        1.777600
      0.525000        0.426319        0.927453        0.303130        1.777600
      0.535000        0.426319        0.927453        0.303130        1.777600
      0.545000        0.426319        0.927453        0.303130        1.777600
      0.555000        0.426319        0.927453        0.303130        1.777600
      0.565000        0.426319        0.927453        0.303130        1.777600
      0.575000        0.426319        0.927453        0.303130        1.777600
      0.585000        0.426319        0.927453        0.303130        1.777600
      0.595000        0.426319        0.927453        0.303130        1.777600
      0.605000        0.426319        0.927453        0.303130        1.777600
      0.615000        0.426319        0.927453        0.303130        1.777600
      0.625000        0.426319        0.927453        0.303130        1.777600
      0.635000        0.426319        0.927453        0.303130        1.777600
      0.645000        0.426319        0.927453        0.303130        1.777600
      0.655000        0.426319        0.927453        0.303130        1.777600
      0.665000        0.426319        0.927453        0.303130        1.777600
      0.675000        0.426319        0.927453        0.303130        1.777600
      0.685000        0.426319        0.927453        0.303130        1.777600
      0.695000        0.426319        0.927453        0.303130        1.777600
      0.705000        0.426319        0.927453        0.303130        1.777600
      0.715000        0.426319        0.927453        0.303130        1.777600
      0.725000        0.426319        0.927453        0.303130        1.777600
      0.735000        0.265574        0.927453        0.303130        2.853541
      0.745000        0.265574        0.927453        0.303130        2.853541
      0.755000        0.265574        0.927453        0.303130        2.853541
      0.765000        0.265574        0.927453        0.303130        2.853541
      0.775000        0.265574        0.927453        0.303130        2.853541
      0.785000        0.265574        0.927453        0.303130        2.853541
      0.795000        0.265574        0.927453        0.303130        2.853541
      0.805000        0.265574        0.927453        0.303130        2.853541
      0.815000        0.265574        0.927453        0.303130        2.853541
      0.825000        0.265574        0.927453        0.303130        2.853541
      0.835000        0.265574        0.927453        0.303130        2.853541
      0.845000        0.265574        0.927453        0.303130        2.853541
      0.855000        0.265574        0.927453        0.303130        2.853541
      0.865000        0.265574        0.927453        0.303130        2.853541
      0.875000        0.265574        0.927453        0.303130        2.853541
      0.885000        0.265574        0.927453        0.303130        2.853541
      0.895000        0.265574        0.927453        0.303130        2.853541
      0.905000        0.265574        0.927453        0.303130        2.853541
      0.915000        0.265574        0.927453        0.303130        2.853541
      0.925000        0.265574        0.927453        0.303130        2.853541
      0.935000        0.265574        0.927453        0.303130        2.853541
      0.945000        0.125000        0.000000        0.100000        2.000000
      0.955000        0.125000        0.000000        0.100000        2.000000
      0.965000        0.125000        0.000000        0.100000        2.000000
      0.975000        0.125000        0.000000        0.100000        2.000000
      0.985000        0.125000        0.000000        0.100000        2.000000
      0.995000        0.125000        0.000000        0.100000        2.000000
